<?xml version="1.0" encoding="UTF-8"?>
<!-- Generated by org.testng.reporters.JUnitXMLReporter -->
<testsuite ignored="0" hostname="LAPTOP-3TRUBLN6" failures="0" tests="10" name="Default test" time="8.68" errors="0" timestamp="2025-04-15T11:13:17 IST">
  <testcase classname="org.demos.AdactinHotel" name="AdctinTextVisble" time="0.218"/>
  <testcase classname="org.demos.AdactinHotel" name="Login_Userename_and_Password" time="1.23"/>
  <testcase classname="org.demos.AdactinHotel" name="Search_Hotel" time="0.282"/>
  <testcase classname="org.demos.AdactinHotel" name="Room_type" time="0.103"/>
  <testcase classname="org.demos.AdactinHotel" name="Number_of_Rooms" time="0.124"/>
  <testcase classname="org.demos.AdactinHotel" name="Check_In_and_Check_out_Date" time="0.236"/>
  <testcase classname="org.demos.AdactinHotel" name="Adults_and_Childrens" time="0.219"/>
  <testcase classname="org.demos.AdactinHotel" name="Search" time="1.049"/>
  <testcase classname="org.demos.AdactinHotel" name="Search_hotel_and_Contiue" time="0.475"/>
  <testcase classname="org.demos.AdactinHotel" name="Screenshot" time="0.548"/>
</testsuite> <!-- Default test -->
