<?xml version="1.0" encoding="UTF-8"?>
<testng-results ignored="0" total="5" passed="5" failed="0" skipped="0">
  <reporter-output>
  </reporter-output>
  <suite started-at="2024-11-26T12:06:27 IST" name="Default suite" finished-at="2024-11-26T12:06:56 IST" duration-ms="29407">
    <groups>
    </groups>
    <test started-at="2024-11-26T12:06:27 IST" name="Default test" finished-at="2024-11-26T12:06:56 IST" duration-ms="29407">
      <class name="org.demos.Fitpeo">
        <test-method is-config="true" signature="Browser_lanuch()[pri:0, instance:org.demos.Fitpeo@1fa121e2]" started-at="2024-11-26T12:06:27 IST" name="Browser_lanuch" finished-at="2024-11-26T12:06:37 IST" duration-ms="9917" status="PASS">
          <reporter-output>
          </reporter-output>
        </test-method> <!-- Browser_lanuch -->
        <test-method signature="Re_Update_Text_Filed()[pri:0, instance:org.demos.Fitpeo@1fa121e2]" started-at="2024-11-26T12:06:37 IST" name="Re_Update_Text_Filed" finished-at="2024-11-26T12:06:39 IST" duration-ms="2497" status="PASS">
          <reporter-output>
          </reporter-output>
        </test-method> <!-- Re_Update_Text_Filed -->
        <test-method signature="Select_CPT_Codes()[pri:0, instance:org.demos.Fitpeo@1fa121e2]" started-at="2024-11-26T12:06:39 IST" name="Select_CPT_Codes" finished-at="2024-11-26T12:06:40 IST" duration-ms="864" status="PASS">
          <reporter-output>
          </reporter-output>
        </test-method> <!-- Select_CPT_Codes -->
        <test-method signature="Slider()[pri:0, instance:org.demos.Fitpeo@1fa121e2]" started-at="2024-11-26T12:06:40 IST" name="Slider" finished-at="2024-11-26T12:06:44 IST" duration-ms="4022" status="PASS">
          <reporter-output>
          </reporter-output>
        </test-method> <!-- Slider -->
        <test-method signature="Udate_text_filed()[pri:0, instance:org.demos.Fitpeo@1fa121e2]" started-at="2024-11-26T12:06:44 IST" name="Udate_text_filed" finished-at="2024-11-26T12:06:51 IST" duration-ms="6687" status="PASS">
          <reporter-output>
          </reporter-output>
        </test-method> <!-- Udate_text_filed -->
        <test-method signature="navigate_to_Revenue_Calculator()[pri:0, instance:org.demos.Fitpeo@1fa121e2]" started-at="2024-11-26T12:06:51 IST" name="navigate_to_Revenue_Calculator" finished-at="2024-11-26T12:06:51 IST" duration-ms="97" status="PASS">
          <reporter-output>
          </reporter-output>
        </test-method> <!-- navigate_to_Revenue_Calculator -->
        <test-method is-config="true" signature="quits()[pri:0, instance:org.demos.Fitpeo@1fa121e2]" started-at="2024-11-26T12:06:51 IST" name="quits" finished-at="2024-11-26T12:06:56 IST" duration-ms="5239" status="PASS">
          <reporter-output>
          </reporter-output>
        </test-method> <!-- quits -->
      </class> <!-- org.demos.Fitpeo -->
    </test> <!-- Default test -->
  </suite> <!-- Default suite -->
</testng-results>
