<?xml version="1.0" encoding="UTF-8"?>
<testng-results ignored="0" total="10" passed="10" failed="0" skipped="0">
  <reporter-output>
  </reporter-output>
  <suite started-at="2025-04-15T11:13:09 IST" name="Default suite" finished-at="2025-04-15T11:13:17 IST" duration-ms="8680">
    <groups>
    </groups>
    <test started-at="2025-04-15T11:13:09 IST" name="Default test" finished-at="2025-04-15T11:13:17 IST" duration-ms="8680">
      <class name="org.demos.AdactinHotel">
        <test-method is-config="true" signature="HotelLoginPage()[pri:0, instance:org.demos.AdactinHotel@36902638]" started-at="2025-04-15T11:13:09 IST" name="HotelLoginPage" finished-at="2025-04-15T11:13:13 IST" duration-ms="4128" status="PASS">
          <reporter-output>
          </reporter-output>
        </test-method> <!-- HotelLoginPage -->
        <test-method signature="AdctinTextVisble()[pri:1, instance:org.demos.AdactinHotel@36902638]" started-at="2025-04-15T11:13:13 IST" name="AdctinTextVisble" finished-at="2025-04-15T11:13:13 IST" duration-ms="218" status="PASS">
          <reporter-output>
          </reporter-output>
        </test-method> <!-- AdctinTextVisble -->
        <test-method signature="Login_Userename_and_Password()[pri:2, instance:org.demos.AdactinHotel@36902638]" started-at="2025-04-15T11:13:13 IST" name="Login_Userename_and_Password" finished-at="2025-04-15T11:13:14 IST" duration-ms="1230" status="PASS">
          <reporter-output>
          </reporter-output>
        </test-method> <!-- Login_Userename_and_Password -->
        <test-method signature="Search_Hotel()[pri:3, instance:org.demos.AdactinHotel@36902638]" started-at="2025-04-15T11:13:14 IST" name="Search_Hotel" finished-at="2025-04-15T11:13:15 IST" duration-ms="282" status="PASS">
          <reporter-output>
          </reporter-output>
        </test-method> <!-- Search_Hotel -->
        <test-method signature="Room_type()[pri:4, instance:org.demos.AdactinHotel@36902638]" started-at="2025-04-15T11:13:15 IST" name="Room_type" finished-at="2025-04-15T11:13:15 IST" duration-ms="103" status="PASS">
          <reporter-output>
          </reporter-output>
        </test-method> <!-- Room_type -->
        <test-method signature="Number_of_Rooms()[pri:5, instance:org.demos.AdactinHotel@36902638]" started-at="2025-04-15T11:13:15 IST" name="Number_of_Rooms" finished-at="2025-04-15T11:13:15 IST" duration-ms="124" status="PASS">
          <reporter-output>
          </reporter-output>
        </test-method> <!-- Number_of_Rooms -->
        <test-method signature="Check_In_and_Check_out_Date()[pri:6, instance:org.demos.AdactinHotel@36902638]" started-at="2025-04-15T11:13:15 IST" name="Check_In_and_Check_out_Date" finished-at="2025-04-15T11:13:15 IST" duration-ms="236" status="PASS">
          <reporter-output>
          </reporter-output>
        </test-method> <!-- Check_In_and_Check_out_Date -->
        <test-method signature="Adults_and_Childrens()[pri:7, instance:org.demos.AdactinHotel@36902638]" started-at="2025-04-15T11:13:15 IST" name="Adults_and_Childrens" finished-at="2025-04-15T11:13:15 IST" duration-ms="219" status="PASS">
          <reporter-output>
          </reporter-output>
        </test-method> <!-- Adults_and_Childrens -->
        <test-method signature="Search()[pri:8, instance:org.demos.AdactinHotel@36902638]" started-at="2025-04-15T11:13:15 IST" name="Search" finished-at="2025-04-15T11:13:16 IST" duration-ms="1049" status="PASS">
          <reporter-output>
          </reporter-output>
        </test-method> <!-- Search -->
        <test-method signature="Search_hotel_and_Contiue()[pri:9, instance:org.demos.AdactinHotel@36902638]" started-at="2025-04-15T11:13:16 IST" name="Search_hotel_and_Contiue" finished-at="2025-04-15T11:13:17 IST" duration-ms="475" status="PASS">
          <reporter-output>
          </reporter-output>
        </test-method> <!-- Search_hotel_and_Contiue -->
        <test-method signature="Screenshot()[pri:10, instance:org.demos.AdactinHotel@36902638]" started-at="2025-04-15T11:13:17 IST" name="Screenshot" finished-at="2025-04-15T11:13:17 IST" duration-ms="548" status="PASS">
          <reporter-output>
          </reporter-output>
        </test-method> <!-- Screenshot -->
      </class> <!-- org.demos.AdactinHotel -->
    </test> <!-- Default test -->
  </suite> <!-- Default suite -->
</testng-results>
